<?xml version="1.0" encoding="UTF-8"?>
<!-- Generated by org.testng.reporters.JUnitXMLReporter -->
<testsuite ignored="0" hostname="LAPTOP-3FL4I7ES" failures="0" tests="8" name="Test" time="14.238" errors="0" timestamp="2022-05-31T12:46:24 IST">
  <testcase classname="com.SauceDemo.TestClasses.TC03SingleProductFunctionality" name="singleprodfunction" time="0.162"/>
  <testcase classname="com.SauceDemo.TestClasses.TC01LoginFunctionality" name="Loginfunction" time="0.063"/>
  <testcase classname="com.SauceDemo.TestClasses.TC04MultipleProductFunctionality" name="multiprodfunction" time="0.314"/>
  <testcase classname="com.SauceDemo.TestClasses.TC08CustomerInfoFunctionality" name="Customerinfofunction" time="0.517"/>
  <testcase classname="com.SauceDemo.TestClasses.TC07CheckoutFunctionality" name="checkoutfunction" time="0.304"/>
  <testcase classname="com.SauceDemo.TestClasses.TC05LogoutFunctionality" name="logoutfunction" time="0.208"/>
  <testcase classname="com.SauceDemo.TestClasses.TC06FilterFunctionality" name="filterfunction" time="0.166"/>
  <testcase classname="com.SauceDemo.TestClasses.TC02AboutClassFunctionality" name="aboutpage" time="7.81"/>
</testsuite> <!-- Test -->
