<?xml version="1.0" encoding="UTF-8"?>
<testng-results ignored="0" total="8" passed="8" failed="0" skipped="0">
  <reporter-output>
  </reporter-output>
  <suite started-at="2022-05-31T12:46:09 IST" name="Suite" finished-at="2022-05-31T12:46:23 IST" duration-ms="14238">
    <groups>
    </groups>
    <test started-at="2022-05-31T12:46:09 IST" name="Test" finished-at="2022-05-31T12:46:23 IST" duration-ms="14238">
      <class name="com.SauceDemo.TestClasses.TC01LoginFunctionality">
        <test-method is-config="true" signature="setup(java.lang.String)[pri:0, instance:com.SauceDemo.TestClasses.TC01LoginFunctionality@2a54a73f]" started-at="2022-05-31T12:46:09 IST" name="setup" finished-at="2022-05-31T12:46:15 IST" duration-ms="5301" status="PASS">
          <params>
            <param index="0">
              <value>
                <![CDATA[chrome]]>
              </value>
            </param>
          </params>
          <reporter-output>
          </reporter-output>
        </test-method> <!-- setup -->
        <test-method signature="Loginfunction()[pri:0, instance:com.SauceDemo.TestClasses.TC01LoginFunctionality@2a54a73f]" started-at="2022-05-31T12:46:15 IST" name="Loginfunction" finished-at="2022-05-31T12:46:15 IST" duration-ms="63" status="PASS">
          <reporter-output>
          </reporter-output>
        </test-method> <!-- Loginfunction -->
        <test-method is-config="true" signature="teardown()[pri:0, instance:com.SauceDemo.TestClasses.TC01LoginFunctionality@2a54a73f]" started-at="2022-05-31T12:46:15 IST" name="teardown" finished-at="2022-05-31T12:46:17 IST" duration-ms="2180" status="PASS">
          <reporter-output>
          </reporter-output>
        </test-method> <!-- teardown -->
      </class> <!-- com.SauceDemo.TestClasses.TC01LoginFunctionality -->
      <class name="com.SauceDemo.TestClasses.TC07CheckoutFunctionality">
        <test-method is-config="true" signature="setup(java.lang.String)[pri:0, instance:com.SauceDemo.TestClasses.TC07CheckoutFunctionality@bd4dc25]" started-at="2022-05-31T12:46:17 IST" name="setup" finished-at="2022-05-31T12:46:20 IST" duration-ms="2899" status="PASS">
          <params>
            <param index="0">
              <value>
                <![CDATA[chrome]]>
              </value>
            </param>
          </params>
          <reporter-output>
          </reporter-output>
        </test-method> <!-- setup -->
        <test-method signature="checkoutfunction()[pri:0, instance:com.SauceDemo.TestClasses.TC07CheckoutFunctionality@bd4dc25]" started-at="2022-05-31T12:46:20 IST" name="checkoutfunction" finished-at="2022-05-31T12:46:20 IST" duration-ms="304" status="PASS">
          <reporter-output>
          </reporter-output>
        </test-method> <!-- checkoutfunction -->
        <test-method is-config="true" signature="teardown()[pri:0, instance:com.SauceDemo.TestClasses.TC07CheckoutFunctionality@bd4dc25]" started-at="2022-05-31T12:46:20 IST" name="teardown" finished-at="2022-05-31T12:46:22 IST" duration-ms="2191" status="PASS">
          <reporter-output>
          </reporter-output>
        </test-method> <!-- teardown -->
      </class> <!-- com.SauceDemo.TestClasses.TC07CheckoutFunctionality -->
      <class name="com.SauceDemo.TestClasses.TC04MultipleProductFunctionality">
        <test-method is-config="true" signature="setup(java.lang.String)[pri:0, instance:com.SauceDemo.TestClasses.TC04MultipleProductFunctionality@fa49800]" started-at="2022-05-31T12:46:09 IST" name="setup" finished-at="2022-05-31T12:46:14 IST" duration-ms="5061" status="PASS">
          <params>
            <param index="0">
              <value>
                <![CDATA[chrome]]>
              </value>
            </param>
          </params>
          <reporter-output>
          </reporter-output>
        </test-method> <!-- setup -->
        <test-method signature="multiprodfunction()[pri:0, instance:com.SauceDemo.TestClasses.TC04MultipleProductFunctionality@fa49800]" started-at="2022-05-31T12:46:14 IST" name="multiprodfunction" finished-at="2022-05-31T12:46:15 IST" duration-ms="314" status="PASS">
          <reporter-output>
          </reporter-output>
        </test-method> <!-- multiprodfunction -->
        <test-method is-config="true" signature="teardown()[pri:0, instance:com.SauceDemo.TestClasses.TC04MultipleProductFunctionality@fa49800]" started-at="2022-05-31T12:46:15 IST" name="teardown" finished-at="2022-05-31T12:46:17 IST" duration-ms="2154" status="PASS">
          <reporter-output>
          </reporter-output>
        </test-method> <!-- teardown -->
      </class> <!-- com.SauceDemo.TestClasses.TC04MultipleProductFunctionality -->
      <class name="com.SauceDemo.TestClasses.TC03SingleProductFunctionality">
        <test-method is-config="true" signature="setup(java.lang.String)[pri:0, instance:com.SauceDemo.TestClasses.TC03SingleProductFunctionality@16a0ee18]" started-at="2022-05-31T12:46:09 IST" name="setup" finished-at="2022-05-31T12:46:14 IST" duration-ms="5000" status="PASS">
          <params>
            <param index="0">
              <value>
                <![CDATA[chrome]]>
              </value>
            </param>
          </params>
          <reporter-output>
          </reporter-output>
        </test-method> <!-- setup -->
        <test-method signature="singleprodfunction()[pri:0, instance:com.SauceDemo.TestClasses.TC03SingleProductFunctionality@16a0ee18]" started-at="2022-05-31T12:46:14 IST" name="singleprodfunction" finished-at="2022-05-31T12:46:14 IST" duration-ms="162" status="PASS">
          <reporter-output>
          </reporter-output>
        </test-method> <!-- singleprodfunction -->
        <test-method is-config="true" signature="teardown()[pri:0, instance:com.SauceDemo.TestClasses.TC03SingleProductFunctionality@16a0ee18]" started-at="2022-05-31T12:46:14 IST" name="teardown" finished-at="2022-05-31T12:46:17 IST" duration-ms="2145" status="PASS">
          <reporter-output>
          </reporter-output>
        </test-method> <!-- teardown -->
      </class> <!-- com.SauceDemo.TestClasses.TC03SingleProductFunctionality -->
      <class name="com.SauceDemo.TestClasses.TC05LogoutFunctionality">
        <test-method is-config="true" signature="setup(java.lang.String)[pri:0, instance:com.SauceDemo.TestClasses.TC05LogoutFunctionality@505fc5a4]" started-at="2022-05-31T12:46:17 IST" name="setup" finished-at="2022-05-31T12:46:20 IST" duration-ms="3192" status="PASS">
          <params>
            <param index="0">
              <value>
                <![CDATA[chrome]]>
              </value>
            </param>
          </params>
          <reporter-output>
          </reporter-output>
        </test-method> <!-- setup -->
        <test-method signature="logoutfunction()[pri:0, instance:com.SauceDemo.TestClasses.TC05LogoutFunctionality@505fc5a4]" started-at="2022-05-31T12:46:20 IST" name="logoutfunction" finished-at="2022-05-31T12:46:20 IST" duration-ms="208" status="PASS">
          <reporter-output>
          </reporter-output>
        </test-method> <!-- logoutfunction -->
        <test-method is-config="true" signature="teardown()[pri:0, instance:com.SauceDemo.TestClasses.TC05LogoutFunctionality@505fc5a4]" started-at="2022-05-31T12:46:20 IST" name="teardown" finished-at="2022-05-31T12:46:22 IST" duration-ms="2176" status="PASS">
          <reporter-output>
          </reporter-output>
        </test-method> <!-- teardown -->
      </class> <!-- com.SauceDemo.TestClasses.TC05LogoutFunctionality -->
      <class name="com.SauceDemo.TestClasses.TC02AboutClassFunctionality">
        <test-method is-config="true" signature="setup(java.lang.String)[pri:0, instance:com.SauceDemo.TestClasses.TC02AboutClassFunctionality@71238fc2]" started-at="2022-05-31T12:46:09 IST" name="setup" finished-at="2022-05-31T12:46:14 IST" duration-ms="4234" status="PASS">
          <params>
            <param index="0">
              <value>
                <![CDATA[chrome]]>
              </value>
            </param>
          </params>
          <reporter-output>
          </reporter-output>
        </test-method> <!-- setup -->
        <test-method signature="aboutpage()[pri:0, instance:com.SauceDemo.TestClasses.TC02AboutClassFunctionality@71238fc2]" started-at="2022-05-31T12:46:14 IST" name="aboutpage" finished-at="2022-05-31T12:46:21 IST" duration-ms="7810" status="PASS">
          <reporter-output>
          </reporter-output>
        </test-method> <!-- aboutpage -->
        <test-method is-config="true" signature="teardown()[pri:0, instance:com.SauceDemo.TestClasses.TC02AboutClassFunctionality@71238fc2]" started-at="2022-05-31T12:46:21 IST" name="teardown" finished-at="2022-05-31T12:46:23 IST" duration-ms="2169" status="PASS">
          <reporter-output>
          </reporter-output>
        </test-method> <!-- teardown -->
      </class> <!-- com.SauceDemo.TestClasses.TC02AboutClassFunctionality -->
      <class name="com.SauceDemo.TestClasses.TC06FilterFunctionality">
        <test-method is-config="true" signature="setup(java.lang.String)[pri:0, instance:com.SauceDemo.TestClasses.TC06FilterFunctionality@3d6f0054]" started-at="2022-05-31T12:46:17 IST" name="setup" finished-at="2022-05-31T12:46:20 IST" duration-ms="3557" status="PASS">
          <params>
            <param index="0">
              <value>
                <![CDATA[chrome]]>
              </value>
            </param>
          </params>
          <reporter-output>
          </reporter-output>
        </test-method> <!-- setup -->
        <test-method signature="filterfunction()[pri:0, instance:com.SauceDemo.TestClasses.TC06FilterFunctionality@3d6f0054]" started-at="2022-05-31T12:46:20 IST" name="filterfunction" finished-at="2022-05-31T12:46:20 IST" duration-ms="166" status="PASS">
          <reporter-output>
          </reporter-output>
        </test-method> <!-- filterfunction -->
        <test-method is-config="true" signature="teardown()[pri:0, instance:com.SauceDemo.TestClasses.TC06FilterFunctionality@3d6f0054]" started-at="2022-05-31T12:46:20 IST" name="teardown" finished-at="2022-05-31T12:46:22 IST" duration-ms="2168" status="PASS">
          <reporter-output>
          </reporter-output>
        </test-method> <!-- teardown -->
      </class> <!-- com.SauceDemo.TestClasses.TC06FilterFunctionality -->
      <class name="com.SauceDemo.TestClasses.TC08CustomerInfoFunctionality">
        <test-method is-config="true" signature="setup(java.lang.String)[pri:0, instance:com.SauceDemo.TestClasses.TC08CustomerInfoFunctionality@31e5415e]" started-at="2022-05-31T12:46:09 IST" name="setup" finished-at="2022-05-31T12:46:15 IST" duration-ms="5506" status="PASS">
          <params>
            <param index="0">
              <value>
                <![CDATA[chrome]]>
              </value>
            </param>
          </params>
          <reporter-output>
          </reporter-output>
        </test-method> <!-- setup -->
        <test-method signature="Customerinfofunction()[pri:0, instance:com.SauceDemo.TestClasses.TC08CustomerInfoFunctionality@31e5415e]" started-at="2022-05-31T12:46:15 IST" name="Customerinfofunction" finished-at="2022-05-31T12:46:15 IST" duration-ms="517" status="PASS">
          <reporter-output>
          </reporter-output>
        </test-method> <!-- Customerinfofunction -->
        <test-method is-config="true" signature="teardown()[pri:0, instance:com.SauceDemo.TestClasses.TC08CustomerInfoFunctionality@31e5415e]" started-at="2022-05-31T12:46:15 IST" name="teardown" finished-at="2022-05-31T12:46:18 IST" duration-ms="3193" status="PASS">
          <reporter-output>
          </reporter-output>
        </test-method> <!-- teardown -->
      </class> <!-- com.SauceDemo.TestClasses.TC08CustomerInfoFunctionality -->
    </test> <!-- Test -->
  </suite> <!-- Suite -->
</testng-results>
